TERM_PROGRAM=iTerm.app
HOMEBREW_TEMP=/tmp/jtranchi/Homebrew/Temp
SHELL=/bin/zsh
TERM=xterm-256color
TMPDIR=/var/folders/zz/zyxvpxvq6csfxvn_n0001w5m000g1d/T/
Apple_PubSub_Socket_Render=/private/tmp/com.apple.launchd.m61ZjZrali/Render
TERM_PROGRAM_VERSION=3.0.5
TERM_SESSION_ID=w0t0p1:7C836A13-5CD9-4884-8024-D81C2734823A
USER=jtranchi
SSH_AUTH_SOCK=/private/tmp/com.apple.launchd.N4wiFKVWlt/Listeners
__CF_USER_TEXT_ENCODING=0x3C2D:0:0
HOMEBREW_CACHE=/tmp/jtranchi/Homebrew/Caches
PATH=/Users/jtranchi/.brew/bin:/usr/bin:/bin:/usr/sbin:/sbin:/usr/local/bin:/usr/local/munki
_=/usr/bin/env
PWD=/Users/jtranchi/Desktop/42/taskmaster
LANG=en_US.UTF-8
ITERM_PROFILE=Default
XPC_FLAGS=0x0
toto=titi
tata=toto
XPC_SERVICE_NAME=0
SHLVL=2
COLORFGBG=7;0
HOME=/Users/jtranchi
ITERM_SESSION_ID=w0t0p1:7C836A13-5CD9-4884-8024-D81C2734823A
LOGNAME=jtranchi
